#
# There is insufficient memory for the Java Runtime Environment to continue.
# Native memory allocation (malloc) failed to allocate 47184 bytes for Chunk::new
# Possible reasons:
#   The system is out of physical RAM or swap space
#   In 32 bit mode, the process size limit was hit
# Possible solutions:
#   Reduce memory load on the system
#   Increase physical memory or swap space
#   Check if swap backing store is full
#   Use 64 bit Java on a 64 bit OS
#   Decrease Java heap size (-Xmx/-Xms)
#   Decrease number of Java threads
#   Decrease Java thread stack sizes (-Xss)
#   Set larger code cache with -XX:ReservedCodeCacheSize=
# This output file may be truncated or incomplete.
#
#  Out of Memory Error (allocation.cpp:390), pid=92, tid=0x000000000000154c
#
# JRE version: Java(TM) SE Runtime Environment (8.0_101-b13) (build 1.8.0_101-b13)
# Java VM: Java HotSpot(TM) 64-Bit Server VM (25.101-b13 mixed mode windows-amd64 compressed oops)
# Failed to write core dump. Minidumps are not enabled by default on client versions of Windows
#

---------------  T H R E A D  ---------------

Current thread (0x0000000019787000):  JavaThread "C1 CompilerThread3" daemon [_thread_in_native, id=5452, stack(0x000000001a0e0000,0x000000001a1e0000)]

Stack: [0x000000001a0e0000,0x000000001a1e0000]
[error occurred during error reporting (printing stack bounds), id 0xc0000005]

Native frames: (J=compiled Java code, j=interpreted, Vv=VM code, C=native code)


Current CompileTask:
C1:   6843  882   !   3       java.awt.DefaultKeyboardFocusManager::dispatchEvent (1589 bytes)


---------------  P R O C E S S  ---------------

Java Threads: ( => current thread )
  0x0000000002800800 JavaThread "DestroyJavaVM" [_thread_blocked, id=19048, stack(0x0000000002700000,0x0000000002800000)]
  0x000000001a5b7800 JavaThread "AWT-EventQueue-0" [_thread_in_vm, id=9156, stack(0x000000001b990000,0x000000001ba90000)]
  0x000000001a5ef800 JavaThread "AWT-Shutdown" [_thread_blocked, id=18108, stack(0x000000001aea0000,0x000000001afa0000)]
  0x000000001a5a3000 JavaThread "Image Fetcher 0" daemon [_thread_blocked, id=8132, stack(0x000000001ba90000,0x000000001bb90000)]
  0x0000000019adc800 JavaThread "AWT-Windows" daemon [_thread_in_native, id=20436, stack(0x000000001afa0000,0x000000001b0a0000)]
  0x0000000019ad9000 JavaThread "Java2D Disposer" daemon [_thread_blocked, id=21300, stack(0x000000001ada0000,0x000000001aea0000)]
  0x0000000019805000 JavaThread "Service Thread" daemon [_thread_blocked, id=21476, stack(0x000000001a1e0000,0x000000001a2e0000)]
=>0x0000000019787000 JavaThread "C1 CompilerThread3" daemon [_thread_in_native, id=5452, stack(0x000000001a0e0000,0x000000001a1e0000)]
  0x0000000019779000 JavaThread "C2 CompilerThread2" daemon [_thread_blocked, id=10216, stack(0x0000000019fe0000,0x000000001a0e0000)]
  0x0000000019771800 JavaThread "C2 CompilerThread1" daemon [_thread_blocked, id=2868, stack(0x0000000019ee0000,0x0000000019fe0000)]
  0x0000000019765000 JavaThread "C2 CompilerThread0" daemon [_thread_blocked, id=5576, stack(0x0000000019de0000,0x0000000019ee0000)]
  0x0000000019717800 JavaThread "Attach Listener" daemon [_thread_blocked, id=24424, stack(0x0000000019ce0000,0x0000000019de0000)]
  0x0000000019764800 JavaThread "Signal Dispatcher" daemon [_thread_blocked, id=24168, stack(0x0000000019be0000,0x0000000019ce0000)]
  0x00000000028f8800 JavaThread "Finalizer" daemon [_thread_blocked, id=23452, stack(0x0000000019ae0000,0x0000000019be0000)]
  0x00000000177fd800 JavaThread "Reference Handler" daemon [_thread_blocked, id=8788, stack(0x00000000195e0000,0x00000000196e0000)]

Other Threads:
  0x00000000177f7800 VMThread [stack: 0x00000000194e0000,0x00000000195e0000] [id=18176]
  0x0000000019872000 WatcherThread [stack: 0x000000001a2e0000,0x000000001a3e0000] [id=7916]

VM state:not at safepoint (normal execution)

VM Mutex/Monitor currently owned by a thread: None

Heap:
 PSYoungGen      total 232960K, used 151220K [0x00000000d6200000, 0x00000000e9f00000, 0x0000000100000000)
  eden space 228864K, 66% used [0x00000000d6200000,0x00000000df5ad120,0x00000000e4180000)
  from space 4096K, 0% used [0x00000000e4180000,0x00000000e4180000,0x00000000e4580000)
  to   space 3584K, 0% used [0x00000000e9b80000,0x00000000e9b80000,0x00000000e9f00000)
 ParOldGen       total 813056K, used 786778K [0x0000000082600000, 0x00000000b4000000, 0x00000000d6200000)
  object space 813056K, 96% used [0x0000000082600000,0x00000000b2656908,0x00000000b4000000)
 Metaspace       used 10969K, capacity 11190K, committed 11264K, reserved 1058816K
  class space    used 1421K, capacity 1511K, committed 1536K, reserved 1048576K

Card table byte_map: [0x0000000011cc0000,0x00000000120b0000] byte_map_base: 0x00000000118ad000

Marking Bits: (ParMarkBitMap*) 0x00000000760ca6d0
 Begin Bits: [0x0000000012b50000, 0x0000000014ab8000)
 End Bits:   [0x0000000014ab8000, 0x0000000016a20000)

Polling page: 0x0000000000aa0000

CodeCache: size=245760Kb used=3050Kb max_used=3061Kb free=242709Kb
 bounds [0x0000000002900000, 0x0000000002c00000, 0x0000000011900000]
 total_blobs=1352 nmethods=882 adapters=383
 compilation: enabled

Compilation events (10 events):
Event: 6.820 Thread 0x0000000019787000 nmethod 878 0x0000000002bee410 code [0x0000000002bee560, 0x0000000002bee670]
Event: 6.820 Thread 0x0000000019787000  879       1       java.awt.image.Raster::getDataBuffer (5 bytes)
Event: 6.820 Thread 0x0000000019787000 nmethod 879 0x0000000002bee6d0 code [0x0000000002bee820, 0x0000000002bee930]
Event: 6.820 Thread 0x0000000019787000  880       3       java.awt.Component::dispatchEventImpl (883 bytes)
Event: 6.827 Thread 0x0000000019787000 nmethod 880 0x0000000002bee990 code [0x0000000002bef3c0, 0x0000000002bf7c98]
Event: 6.827 Thread 0x0000000019787000  881       3       java.awt.EventQueue::setCurrentEventAndMostRecentTime (8 bytes)
Event: 6.827 Thread 0x0000000019787000 nmethod 881 0x0000000002bfadd0 code [0x0000000002bfafa0, 0x0000000002bfb5d8]
Event: 6.827 Thread 0x0000000019787000  882   !   3       java.awt.DefaultKeyboardFocusManager::dispatchEvent (1589 bytes)
Event: 6.828 Thread 0x0000000019771800  883       4       java.awt.Rectangle::<init> (26 bytes)
Event: 6.829 Thread 0x0000000019771800 nmethod 883 0x0000000002b93d50 code [0x0000000002b93e80, 0x0000000002b93ef8]

GC Heap History (10 events):
Event: 3.057 GC heap before
{Heap before GC invocations=18 (full 8):
 PSYoungGen      total 232960K, used 288K [0x00000000d6200000, 0x00000000e4e80000, 0x0000000100000000)
  eden space 228864K, 0% used [0x00000000d6200000,0x00000000d6200000,0x00000000e4180000)
  from space 4096K, 7% used [0x00000000e4580000,0x00000000e45c8000,0x00000000e4980000)
  to   space 4096K, 0% used [0x00000000e4180000,0x00000000e4180000,0x00000000e4580000)
 ParOldGen       total 813056K, used 674608K [0x0000000082600000, 0x00000000b4000000, 0x00000000d6200000)
  object space 813056K, 82% used [0x0000000082600000,0x00000000ab8cc390,0x00000000b4000000)
 Metaspace       used 9471K, capacity 9606K, committed 9856K, reserved 1058816K
  class space    used 1264K, capacity 1349K, committed 1408K, reserved 1048576K
Event: 3.078 GC heap after
Heap after GC invocations=18 (full 8):
 PSYoungGen      total 232960K, used 0K [0x00000000d6200000, 0x00000000e4e80000, 0x0000000100000000)
  eden space 228864K, 0% used [0x00000000d6200000,0x00000000d6200000,0x00000000e4180000)
  from space 4096K, 0% used [0x00000000e4580000,0x00000000e4580000,0x00000000e4980000)
  to   space 4096K, 0% used [0x00000000e4180000,0x00000000e4180000,0x00000000e4580000)
 ParOldGen       total 813056K, used 506626K [0x0000000082600000, 0x00000000b4000000, 0x00000000d6200000)
  object space 813056K, 62% used [0x0000000082600000,0x00000000a14c0ab8,0x00000000b4000000)
 Metaspace       used 9471K, capacity 9606K, committed 9856K, reserved 1058816K
  class space    used 1264K, capacity 1349K, committed 1408K, reserved 1048576K
}
Event: 3.691 GC heap before
{Heap before GC invocations=19 (full 8):
 PSYoungGen      total 232960K, used 228864K [0x00000000d6200000, 0x00000000e4e80000, 0x0000000100000000)
  eden space 228864K, 100% used [0x00000000d6200000,0x00000000e4180000,0x00000000e4180000)
  from space 4096K, 0% used [0x00000000e4580000,0x00000000e4580000,0x00000000e4980000)
  to   space 4096K, 0% used [0x00000000e4180000,0x00000000e4180000,0x00000000e4580000)
 ParOldGen       total 813056K, used 506626K [0x0000000082600000, 0x00000000b4000000, 0x00000000d6200000)
  object space 813056K, 62% used [0x0000000082600000,0x00000000a14c0ab8,0x00000000b4000000)
 Metaspace       used 9472K, capacity 9606K, committed 9856K, reserved 1058816K
  class space    used 1264K, capacity 1349K, committed 1408K, reserved 1048576K
Event: 3.737 GC heap after
Heap after GC invocations=19 (full 8):
 PSYoungGen      total 232960K, used 288K [0x00000000d6200000, 0x00000000e9f00000, 0x0000000100000000)
  eden space 228864K, 0% used [0x00000000d6200000,0x00000000d6200000,0x00000000e4180000)
  from space 4096K, 7% used [0x00000000e4180000,0x00000000e41c8000,0x00000000e4580000)
  to   space 3584K, 0% used [0x00000000e9b80000,0x00000000e9b80000,0x00000000e9f00000)
 ParOldGen       total 813056K, used 719288K [0x0000000082600000, 0x00000000b4000000, 0x00000000d6200000)
  object space 813056K, 88% used [0x0000000082600000,0x00000000ae46e308,0x00000000b4000000)
 Metaspace       used 9472K, capacity 9606K, committed 9856K, reserved 1058816K
  class space    used 1264K, capacity 1349K, committed 1408K, reserved 1048576K
}
Event: 3.737 GC heap before
{Heap before GC invocations=20 (full 9):
 PSYoungGen      total 232960K, used 288K [0x00000000d6200000, 0x00000000e9f00000, 0x0000000100000000)
  eden space 228864K, 0% used [0x00000000d6200000,0x00000000d6200000,0x00000000e4180000)
  from space 4096K, 7% used [0x00000000e4180000,0x00000000e41c8000,0x00000000e4580000)
  to   space 3584K, 0% used [0x00000000e9b80000,0x00000000e9b80000,0x00000000e9f00000)
 ParOldGen       total 813056K, used 719288K [0x0000000082600000, 0x00000000b4000000, 0x00000000d6200000)
  object space 813056K, 88% used [0x0000000082600000,0x00000000ae46e308,0x00000000b4000000)
 Metaspace       used 9472K, capacity 9606K, committed 9856K, reserved 1058816K
  class space    used 1264K, capacity 1349K, committed 1408K, reserved 1048576K
Event: 3.752 GC heap after
Heap after GC invocations=20 (full 9):
 PSYoungGen      total 232960K, used 0K [0x00000000d6200000, 0x00000000e9f00000, 0x0000000100000000)
  eden space 228864K, 0% used [0x00000000d6200000,0x00000000d6200000,0x00000000e4180000)
  from space 4096K, 0% used [0x00000000e4180000,0x00000000e4180000,0x00000000e4580000)
  to   space 3584K, 0% used [0x00000000e9b80000,0x00000000e9b80000,0x00000000e9f00000)
 ParOldGen       total 813056K, used 593702K [0x0000000082600000, 0x00000000b4000000, 0x00000000d6200000)
  object space 813056K, 73% used [0x0000000082600000,0x00000000a69c98c8,0x00000000b4000000)
 Metaspace       used 9472K, capacity 9606K, committed 9856K, reserved 1058816K
  class space    used 1264K, capacity 1349K, committed 1408K, reserved 1048576K
}
Event: 4.206 GC heap before
{Heap before GC invocations=21 (full 10):
 PSYoungGen      total 232960K, used 228864K [0x00000000d6200000, 0x00000000e9f00000, 0x0000000100000000)
  eden space 228864K, 100% used [0x00000000d6200000,0x00000000e4180000,0x00000000e4180000)
  from space 4096K, 0% used [0x00000000e4180000,0x00000000e4180000,0x00000000e4580000)
  to   space 3584K, 0% used [0x00000000e9b80000,0x00000000e9b80000,0x00000000e9f00000)
 ParOldGen       total 813056K, used 593702K [0x0000000082600000, 0x00000000b4000000, 0x00000000d6200000)
  object space 813056K, 73% used [0x0000000082600000,0x00000000a69c98c8,0x00000000b4000000)
 Metaspace       used 9474K, capacity 9670K, committed 9856K, reserved 1058816K
  class space    used 1264K, capacity 1349K, committed 1408K, reserved 1048576K
Event: 4.279 GC heap after
Heap after GC invocations=21 (full 10):
 PSYoungGen      total 232960K, used 0K [0x00000000d6200000, 0x00000000e9f00000, 0x0000000100000000)
  eden space 228864K, 0% used [0x00000000d6200000,0x00000000d6200000,0x00000000e4180000)
  from space 4096K, 0% used [0x00000000e4180000,0x00000000e4180000,0x00000000e4580000)
  to   space 3584K, 0% used [0x00000000e9b80000,0x00000000e9b80000,0x00000000e9f00000)
 ParOldGen       total 813056K, used 702489K [0x0000000082600000, 0x00000000b4000000, 0x00000000d6200000)
  object space 813056K, 86% used [0x0000000082600000,0x00000000ad406428,0x00000000b4000000)
 Metaspace       used 9474K, capacity 9670K, committed 9856K, reserved 1058816K
  class space    used 1264K, capacity 1349K, committed 1408K, reserved 1048576K
}
Event: 4.740 GC heap before
{Heap before GC invocations=22 (full 11):
 PSYoungGen      total 232960K, used 228864K [0x00000000d6200000, 0x00000000e9f00000, 0x0000000100000000)
  eden space 228864K, 100% used [0x00000000d6200000,0x00000000e4180000,0x00000000e4180000)
  from space 4096K, 0% used [0x00000000e4180000,0x00000000e4180000,0x00000000e4580000)
  to   space 3584K, 0% used [0x00000000e9b80000,0x00000000e9b80000,0x00000000e9f00000)
 ParOldGen       total 813056K, used 702489K [0x0000000082600000, 0x00000000b4000000, 0x00000000d6200000)
  object space 813056K, 86% used [0x0000000082600000,0x00000000ad406428,0x00000000b4000000)
 Metaspace       used 9474K, capacity 9670K, committed 9856K, reserved 1058816K
  class space    used 1264K, capacity 1349K, committed 1408K, reserved 1048576K
Event: 4.866 GC heap after
Heap after GC invocations=22 (full 11):
 PSYoungGen      total 232960K, used 42125K [0x00000000d6200000, 0x00000000e9f00000, 0x0000000100000000)
  eden space 228864K, 18% used [0x00000000d6200000,0x00000000d8b23410,0x00000000e4180000)
  from space 4096K, 0% used [0x00000000e4180000,0x00000000e4180000,0x00000000e4580000)
  to   space 3584K, 0% used [0x00000000e9b80000,0x00000000e9b80000,0x00000000e9f00000)
 ParOldGen       total 813056K, used 786778K [0x0000000082600000, 0x00000000b4000000, 0x00000000d6200000)
  object space 813056K, 96% used [0x0000000082600000,0x00000000b2656908,0x00000000b4000000)
 Metaspace       used 9474K, capacity 9670K, committed 9856K, reserved 1058816K
  class space    used 1264K, capacity 1349K, committed 1408K, reserved 1048576K
}

Deoptimization events (0 events):
No events

Internal exceptions (10 events):
Event: 0.041 Thread 0x0000000002800800 Exception <a 'java/lang/NoSuchMethodError': Method sun.misc.Unsafe.defineClass(Ljava/lang/String;[BII)Ljava/lang/Class; name or signature does not match> (0x00000000d6207cc0) thrown at [C:\re\workspace\8-2-build-windows-amd64-cygwin\jdk8u101\7261\hotspot\s‘øNú7•?
Event: 0.041 Thread 0x0000000002800800 Exception <a 'java/lang/NoSuchMethodError': Method sun.misc.Unsafe.prefetchRead(Ljava/lang/Object;J)V name or signature does not match> (0x00000000d6207fa8) thrown at [C:\re\workspace\8-2-build-windows-amd64-cygwin\jdk8u101\7261\hotspot\src\share\vm\prims\Pk?æ)Q¡?
Event: 0.135 Thread 0x0000000002800800 Exception <a 'java/security/PrivilegedActionException'> (0x00000000d6376c20) thrown at [C:\re\workspace\8-2-build-windows-amd64-cygwin\jdk8u101\7261\hotspot\src\share\vm\prims\jvm.cpp, line 1386]
Event: 0.135 Thread 0x0000000002800800 Exception <a 'java/security/PrivilegedActionException'> (0x00000000d6376e30) thrown at [C:\re\workspace\8-2-build-windows-amd64-cygwin\jdk8u101\7261\hotspot\src\share\vm\prims\jvm.cpp, line 1386]
Event: 0.136 Thread 0x0000000002800800 Exception <a 'java/security/PrivilegedActionException'> (0x00000000d637aa78) thrown at [C:\re\workspace\8-2-build-windows-amd64-cygwin\jdk8u101\7261\hotspot\src\share\vm\prims\jvm.cpp, line 1386]
Event: 0.136 Thread 0x0000000002800800 Exception <a 'java/security/PrivilegedActionException'> (0x00000000d637ac88) thrown at [C:\re\workspace\8-2-build-windows-amd64-cygwin\jdk8u101\7261\hotspot\src\share\vm\prims\jvm.cpp, line 1386]
Event: 0.145 Thread 0x0000000002800800 Exception <a 'java/io/FileNotFoundException'> (0x00000000d6384a60) thrown at [C:\re\workspace\8-2-build-windows-amd64-cygwin\jdk8u101\7261\hotspot\src\share\vm\prims\jni.cpp, line 709]
Event: 0.176 Thread 0x0000000002800800 Exception <a 'java/lang/NoSuchFieldError': method resolution failed> (0x00000000d6451ff8) thrown at [C:\re\workspace\8-2-build-windows-amd64-cygwin\jdk8u101\7261\hotspot\src\share\vm\prims\methodHandles.cpp, line 1146]
Event: 0.177 Thread 0x0000000002800800 Exception <a 'java/lang/NoSuchFieldError': method resolution failed> (0x00000000d645f3c8) thrown at [C:\re\workspace\8-2-build-windows-amd64-cygwin\jdk8u101\7261\hotspot\src\share\vm\prims\methodHandles.cpp, line 1146]
Event: 0.213 Thread 0x0000000002800800 Exception <a 'java/io/FileNotFoundException'> (0x00000000d64eba58) thrown at [C:\re\workspace\8-2-build-windows-amd64-cygwin\jdk8u101\7261\hotspot\src\share\vm\prims\jni.cpp, line 709]

Events (10 events):
Event: 5.686 loading class java/awt/Container$EventTargetFilter done
Event: 5.686 loading class java/awt/Container$MouseEventTargetFilter done
Event: 5.686 loading class java/awt/LightweightDispatcher$1
Event: 5.686 loading class java/awt/LightweightDispatcher$1 done
Event: 5.686 loading class java/awt/AWTEvent$2
Event: 5.686 loading class java/awt/AWTEvent$2 done
Event: 5.686 loading class sun/reflect/UnsafeBooleanFieldAccessorImpl
Event: 5.686 loading class sun/reflect/UnsafeBooleanFieldAccessorImpl done
Event: 6.142 loading class java/awt/LightweightDispatcher$2
Event: 6.142 loading class java/awt/LightweightDispatcher$2 done


Dynamic libraries:
0x00007ff6c9450000 - 0x00007ff6c9487000 	C:\Program Files\Java\jre1.8.0_101\bin\javaw.exe
0x00007ffad2b40000 - 0x00007ffad2d30000 	C:\WINDOWS\SYSTEM32\ntdll.dll
0x00007ffad21f0000 - 0x00007ffad22a2000 	C:\WINDOWS\System32\KERNEL32.DLL
0x00007ffad0000000 - 0x00007ffad02a5000 	C:\WINDOWS\System32\KERNELBASE.dll
0x00007ffad1870000 - 0x00007ffad1913000 	C:\WINDOWS\System32\ADVAPI32.dll
0x00007ffad0e70000 - 0x00007ffad0f0e000 	C:\WINDOWS\System32\msvcrt.dll
0x00007ffad22b0000 - 0x00007ffad2347000 	C:\WINDOWS\System32\sechost.dll
0x00007ffad0bf0000 - 0x00007ffad0d0f000 	C:\WINDOWS\System32\RPCRT4.dll
0x00007ffad24b0000 - 0x00007ffad2644000 	C:\WINDOWS\System32\USER32.dll
0x00007ffacfc00000 - 0x00007ffacfc21000 	C:\WINDOWS\System32\win32u.dll
0x00007ffad1690000 - 0x00007ffad16b6000 	C:\WINDOWS\System32\GDI32.dll
0x00007ffad02b0000 - 0x00007ffad0448000 	C:\WINDOWS\System32\gdi32full.dll
0x00007ffacfc90000 - 0x00007ffacfd2e000 	C:\WINDOWS\System32\msvcp_win.dll
0x00007ffacfed0000 - 0x00007ffacffca000 	C:\WINDOWS\System32\ucrtbase.dll
0x00007ffaad2e0000 - 0x00007ffaad564000 	C:\WINDOWS\WinSxS\amd64_microsoft.windows.common-controls_6595b64144ccf1df_6.0.18362.1379_none_9e7ff3b3e45cc0c4\COMCTL32.dll
0x00007ffad27c0000 - 0x00007ffad2af7000 	C:\WINDOWS\System32\combase.dll
0x00007ffacfb70000 - 0x00007ffacfbf1000 	C:\WINDOWS\System32\bcryptPrimitives.dll
0x00007ffad26c0000 - 0x00007ffad26ee000 	C:\WINDOWS\System32\IMM32.DLL
0x00000000763b0000 - 0x0000000076482000 	C:\Program Files\Java\jre1.8.0_101\bin\msvcr100.dll
0x00000000758b0000 - 0x000000007614a000 	C:\Program Files\Java\jre1.8.0_101\bin\server\jvm.dll
0x00007ffad2430000 - 0x00007ffad2438000 	C:\WINDOWS\System32\PSAPI.DLL
0x00007ffacd5a0000 - 0x00007ffacd5c4000 	C:\WINDOWS\SYSTEM32\WINMM.dll
0x00007ffaca300000 - 0x00007ffaca30a000 	C:\WINDOWS\SYSTEM32\VERSION.dll
0x00007ffac91d0000 - 0x00007ffac91d9000 	C:\WINDOWS\SYSTEM32\WSOCK32.dll
0x00007ffad2180000 - 0x00007ffad21ef000 	C:\WINDOWS\System32\WS2_32.dll
0x00007ffacd570000 - 0x00007ffacd59d000 	C:\WINDOWS\SYSTEM32\winmmbase.dll
0x00007ffacfe80000 - 0x00007ffacfeca000 	C:\WINDOWS\System32\cfgmgr32.dll
0x0000000076550000 - 0x000000007655f000 	C:\Program Files\Java\jre1.8.0_101\bin\verify.dll
0x0000000076520000 - 0x0000000076549000 	C:\Program Files\Java\jre1.8.0_101\bin\java.dll
0x0000000076500000 - 0x0000000076516000 	C:\Program Files\Java\jre1.8.0_101\bin\zip.dll
0x00007ffad1920000 - 0x00007ffad2008000 	C:\WINDOWS\System32\SHELL32.dll
0x00007ffad1170000 - 0x00007ffad1217000 	C:\WINDOWS\System32\shcore.dll
0x00007ffad0470000 - 0x00007ffad0beb000 	C:\WINDOWS\System32\windows.storage.dll
0x00007ffacfa90000 - 0x00007ffacfab3000 	C:\WINDOWS\System32\profapi.dll
0x00007ffacfa20000 - 0x00007ffacfa6a000 	C:\WINDOWS\System32\powrprof.dll
0x00007ffacf9f0000 - 0x00007ffacfa00000 	C:\WINDOWS\System32\UMPDC.dll
0x00007ffad2350000 - 0x00007ffad23a2000 	C:\WINDOWS\System32\shlwapi.dll
0x00007ffacfa00000 - 0x00007ffacfa11000 	C:\WINDOWS\System32\kernel.appcore.dll
0x00007ffad0450000 - 0x00007ffad0467000 	C:\WINDOWS\System32\cryptsp.dll
0x0000000075710000 - 0x00000000758a8000 	C:\Program Files\Java\jre1.8.0_101\bin\awt.dll
0x00007ffad26f0000 - 0x00007ffad27b5000 	C:\WINDOWS\System32\OLEAUT32.dll
0x00007ffacd800000 - 0x00007ffacd88f000 	C:\WINDOWS\SYSTEM32\apphelp.dll
0x00007ffacdcd0000 - 0x00007ffacdcfd000 	C:\WINDOWS\system32\DWMAPI.DLL
0x00007ffacd9a0000 - 0x00007ffacda39000 	C:\WINDOWS\system32\uxtheme.dll
0x00007ffad16c0000 - 0x00007ffad17f5000 	C:\WINDOWS\System32\MSCTF.dll
0x00007ffad0d10000 - 0x00007ffad0e67000 	C:\WINDOWS\System32\ole32.dll
0x00000000756c0000 - 0x0000000075707000 	C:\Program Files\Java\jre1.8.0_101\bin\fontmanager.dll
0x00000000764e0000 - 0x00000000764fa000 	C:\Program Files\Java\jre1.8.0_101\bin\net.dll
0x00007ffacf230000 - 0x00007ffacf297000 	C:\WINDOWS\system32\mswsock.dll
0x00000000764c0000 - 0x00000000764d1000 	C:\Program Files\Java\jre1.8.0_101\bin\nio.dll
0x0000000075670000 - 0x00000000756b2000 	C:\Program Files\Java\jre1.8.0_101\bin\t2k.dll
0x0000000075630000 - 0x0000000075661000 	C:\Program Files\Java\jre1.8.0_101\bin\jpeg.dll
0x00007ffad0f10000 - 0x00007ffad0fb2000 	C:\WINDOWS\System32\clbcatq.dll
0x00007ffaca830000 - 0x00007ffaca9df000 	C:\WINDOWS\SYSTEM32\WindowsCodecs.dll
0x00007ffaa2a80000 - 0x00007ffaa2abb000 	C:\WINDOWS\system32\dataexchange.dll
0x00007ffacc870000 - 0x00007ffaccacb000 	C:\WINDOWS\system32\d3d11.dll
0x00007ffaccf30000 - 0x00007ffacd10d000 	C:\WINDOWS\system32\dcomp.dll
0x00007fface6c0000 - 0x00007fface7ab000 	C:\WINDOWS\system32\dxgi.dll
0x00007fface6a0000 - 0x00007fface6c0000 	C:\WINDOWS\SYSTEM32\dxcore.dll
0x00007ffacda70000 - 0x00007ffacdcca000 	C:\WINDOWS\system32\twinapi.appcore.dll
0x00007ffacdf80000 - 0x00007ffacdfa9000 	C:\WINDOWS\system32\RMCLIENT.dll
0x00007ffabaf80000 - 0x00007ffabb01d000 	C:\WINDOWS\System32\TextInputFramework.dll
0x00007ffacb780000 - 0x00007ffacbaaa000 	C:\WINDOWS\System32\CoreUIComponents.dll
0x00007ffacd490000 - 0x00007ffacd564000 	C:\WINDOWS\System32\CoreMessaging.dll
0x00007ffacea30000 - 0x00007ffacea61000 	C:\WINDOWS\SYSTEM32\ntmarta.dll
0x00007ffacb2d0000 - 0x00007ffacb422000 	C:\WINDOWS\SYSTEM32\wintypes.dll
0x00007ffab85d0000 - 0x00007ffab8635000 	C:\WINDOWS\system32\Oleacc.dll
0x00007ffabe3c0000 - 0x00007ffabe667000 	C:\WINDOWS\System32\iertutil.dll
0x00007ffa7d480000 - 0x00007ffa7d66b000 	C:\WINDOWS\system32\sogoutsf.ime
0x00007ffabbd90000 - 0x00007ffabbd97000 	C:\WINDOWS\system32\MSIMG32.dll
0x00007ffa7cbf0000 - 0x00007ffa7d479000 	C:\WINDOWS\system32\SogouPy.ime
0x00007ffabd6e0000 - 0x00007ffabd7d0000 	C:\WINDOWS\SYSTEM32\WINHTTP.dll

VM Arguments:
jvm_args: -Dfile.encoding=UTF-8 
java_command: GUI
java_class_path (initial): C:\Users\HP\eclipse-workspace\Scheduling Tabs\bin
Launcher Type: SUN_STANDARD

Environment Variables:
JAVA_HOME=C:\Program Files\Java\jdk1.8.0_231
CLASSPATH=.;C:\Program Files\Java\jdk1.8.0_231\lib;C:\Program Files\Java\jdk1.8.0_231\lib\tools.jar
PATH=C:/Program Files/Java/jre1.8.0_101/bin/server;C:/Program Files/Java/jre1.8.0_101/bin;C:/Program Files/Java/jre1.8.0_101/lib/amd64;C:\ProgramData\Oracle\Java\javapath;C:\Program Files (x86)\Common Files\Oracle\Java\javapath;C:\Program Files (x86)\Common Files\Intel\Shared Libraries\redist\intel64\compiler;C:\windows\system32;C:\windows;C:\windows\System32\Wbem;C:\windows\System32\WindowsPowerShell\v1.0\;C:\windows\System32\OpenSSH\;C:\Program Files\Java\jdk1.8.0_231\bin;C:\Program Files (x86)\NVIDIA Corporation\PhysX\Common;C:\Program Files\NVIDIA Corporation\NVIDIA NvDLISR;;C:\WINDOWS\system32;C:\WINDOWS;C:\WINDOWS\System32\Wbem;C:\WINDOWS\System32\WindowsPowerShell\v1.0\;C:\WINDOWS\System32\OpenSSH\;C:\Users\HP\AppData\Local\Microsoft\WindowsApps;;C:\Users\HP\Desktop;
USERNAME=HP
OS=Windows_NT
PROCESSOR_IDENTIFIER=Intel64 Family 6 Model 158 Stepping 10, GenuineIntel



---------------  S Y S T E M  ---------------

OS: Windows 10.0 , 64 bit Build 18362 (10.0.18362.1350)

CPU:total 8 (4 cores per cpu, 2 threads per core) family 6 model 158 stepping 10, cmov, cx8, fxsr, mmx, sse, sse2, sse3, ssse3, sse4.1, sse4.2, popcnt, avx, avx2, aes, clmul, erms, 3dnowpref, lzcnt, ht, tsc, tscinvbit, bmi1, bmi2, adx

Memory: 4k page, physical 8225976k(588700k free), swap 23693620k(1376k free)

vm_info: Java HotSpot(TM) 64-Bit Server VM (25.101-b13) for windows-amd64 JRE (1.8.0_101-b13), built on Jun 22 2016 01:21:29 by "java_re" with MS VC++ 10.0 (VS2010)

time: Sat Feb 20 16:22:36 2021
elapsed time: 6 seconds (0d 0h 0m 6s)

